<?xml version="1.0" encoding="UTF-8"?>
<!-- Generated by org.testng.reporters.JUnitXMLReporter -->
<testsuite ignored="0" hostname="DESKTOP-LFJ91SC" failures="2" tests="2" name="Carpooling Tests" time="3.246" errors="0" timestamp="2022-11-16T12:55:14 IST">
  <testcase classname="io.cucumber.testng.AbstractTestNGCucumberTests" name="runScenario" time="1.752">
    <failure type="java.lang.NullPointerException" message="Cannot invoke &amp;quot;io.cucumber.core.api.Scenario.write(String)&amp;quot; because the return value of &amp;quot;java.lang.ThreadLocal.get()&amp;quot; is null">
      <![CDATA[java.lang.NullPointerException: Cannot invoke "io.cucumber.core.api.Scenario.write(String)" because the return value of "java.lang.ThreadLocal.get()" is null
at com.apivalidation.stepdefs.Reporter.addstepLog(Reporter.java:13)
at com.apivalidation.stepdefs.TE_ESL_API_StepDef.user_set_something_parameter_as_something_for_current_endpoint(TE_ESL_API_StepDef.java:219)
at ✽.user set "QUERY" parameter "key" as "qaclick123" for current endpoint(file:Scenarios/API_validations.feature:10)
]]>
    </failure>
  </testcase> <!-- runScenario -->
  <testcase classname="io.cucumber.testng.AbstractTestNGCucumberTests" name="runScenario" time="0.013">
    <failure type="java.lang.NullPointerException" message="Cannot invoke &amp;quot;io.cucumber.core.api.Scenario.write(String)&amp;quot; because the return value of &amp;quot;java.lang.ThreadLocal.get()&amp;quot; is null">
      <![CDATA[java.lang.NullPointerException: Cannot invoke "io.cucumber.core.api.Scenario.write(String)" because the return value of "java.lang.ThreadLocal.get()" is null
at com.apivalidation.stepdefs.Reporter.addstepLog(Reporter.java:13)
at com.apivalidation.stepdefs.TE_ESL_API_StepDef.user_set_something_parameter_as_something_for_current_endpoint(TE_ESL_API_StepDef.java:219)
at ✽.user set "QUERY" parameter "key" as "qaclick123" for current endpoint(file:Scenarios/API_validations.feature:22)
]]>
    </failure>
  </testcase> <!-- runScenario -->
</testsuite> <!-- Carpooling Tests -->
