<?xml version="1.0" encoding="UTF-8"?>
<testng-results ignored="0" total="1" passed="1" failed="0" skipped="0">
  <reporter-output>
  </reporter-output>
  <suite started-at="2022-12-05T12:28:19 IST" name="Default suite" finished-at="2022-12-05T12:28:41 IST" duration-ms="21703">
    <groups>
      <group name="cucumber">
        <method signature="AbstractTestNGCucumberTests.runScenario(io.cucumber.testng.PickleEventWrapper,io.cucumber.testng.CucumberFeatureWrapper)[pri:0, instance:com.CucumberOptions.TestRunner@7ef82753]" name="runScenario" class="io.cucumber.testng.AbstractTestNGCucumberTests"/>
      </group> <!-- cucumber -->
    </groups>
    <test started-at="2022-12-05T12:28:19 IST" name="Default test" finished-at="2022-12-05T12:28:41 IST" duration-ms="21703">
      <class name="com.CucumberOptions.TestRunner">
        <test-method is-config="true" signature="setUpClass()[pri:0, instance:com.CucumberOptions.TestRunner@7ef82753]" started-at="2022-12-05T12:28:19 IST" name="setUpClass" finished-at="2022-12-05T12:28:22 IST" duration-ms="2096" status="PASS">
          <reporter-output>
          </reporter-output>
        </test-method> <!-- setUpClass -->
        <test-method signature="runScenario(io.cucumber.testng.PickleEventWrapper,io.cucumber.testng.CucumberFeatureWrapper)[pri:0, instance:com.CucumberOptions.TestRunner@7ef82753]" started-at="2022-12-05T12:28:22 IST" name="runScenario" description="Runs Cucumber Scenarios" data-provider="scenarios" finished-at="2022-12-05T12:28:39 IST" duration-ms="16420" status="PASS">
          <params>
            <param index="0">
              <value>
                <![CDATA["TC_01_Add Place_Response Code validation 200 OK"]]>
              </value>
            </param>
            <param index="1">
              <value>
                <![CDATA["API Automated test suite"]]>
              </value>
            </param>
          </params>
          <reporter-output>
          </reporter-output>
        </test-method> <!-- runScenario -->
        <test-method is-config="true" signature="tearDownClass()[pri:0, instance:com.CucumberOptions.TestRunner@7ef82753]" started-at="2022-12-05T12:28:39 IST" name="tearDownClass" finished-at="2022-12-05T12:28:41 IST" duration-ms="2203" status="PASS">
          <reporter-output>
          </reporter-output>
        </test-method> <!-- tearDownClass -->
      </class> <!-- com.CucumberOptions.TestRunner -->
    </test> <!-- Default test -->
  </suite> <!-- Default suite -->
</testng-results>
